<?xml version="1.0" encoding="UTF-8"?>
<testsuite xmlns:xsi="http://www.w3.org/2001/XMLSchema-instance" xsi:noNamespaceSchemaLocation="https://maven.apache.org/surefire/maven-surefire-plugin/xsd/surefire-test-report.xsd" name="Runner.TestRun" time="61.21" tests="3" errors="0" skipped="0" failures="0">
  <properties>
[...]
</properties>
  <testcase name="Login Test with Valid cred" classname="Login" time="22.65"/>
  <testcase name="Login Test data driven #1" classname="Login" time="18.081"/>
  <testcase name="Login Test data driven #2" classname="Login" time="19.64"/>
</testsuite>